# JRE version: Java(TM) SE Runtime Environment (8.0_201-b09) (build 1.8.0_201-b09)
# Java VM: Java HotSpot(TM) 64-Bit Server VM (25.201-b09 mixed mode linux-amd64 compressed oops)
Heap:
 PSYoungGen      total 651776K, used 4567K [0x0000000719b80000, 0x0000000748d00000, 0x00000007c0000000)
  eden space 648704K, 0% used [0x0000000719b80000,0x0000000719ff5ce8,0x0000000741500000)
  from space 3072K, 0% used [0x0000000743800000,0x0000000743800000,0x0000000743b00000)
  to   space 61440K, 0% used [0x0000000745100000,0x0000000745100000,0x0000000748d00000)
 ParOldGen       total 486400K, used 248576K [0x00000005cd200000, 0x00000005ead00000, 0x0000000719b80000)
  object space 486400K, 51% used [0x00000005cd200000,0x00000005dc4c0218,0x00000005ead00000)
 Metaspace       used 21828K, capacity 22105K, committed 22528K, reserved 1069056K
  class space    used 2221K, capacity 2298K, committed 2304K, reserved 1048576K
GC Heap History (10 events):
Event: 60,883 GC heap before
{Heap before GC invocations=47 (full 2):
 PSYoungGen      total 650240K, used 1216K [0x0000000719b80000, 0x000000074b000000, 0x00000007c0000000)
  eden space 648704K, 0% used [0x0000000719b80000,0x0000000719b80000,0x0000000741500000)
  from space 1536K, 79% used [0x0000000748600000,0x0000000748730090,0x0000000748780000)
  to   space 37376K, 0% used [0x0000000748b80000,0x0000000748b80000,0x000000074b000000)
 ParOldGen       total 486400K, used 340838K [0x00000005cd200000, 0x00000005ead00000, 0x0000000719b80000)
  object space 486400K, 70% used [0x00000005cd200000,0x00000005e1ed9b40,0x00000005ead00000)
 Metaspace       used 21810K, capacity 22105K, committed 22528K, reserved 1069056K
  class space    used 2221K, capacity 2298K, committed 2304K, reserved 1048576K
Event: 60,923 GC heap after
Heap after GC invocations=47 (full 2):
 PSYoungGen      total 650240K, used 0K [0x0000000719b80000, 0x000000074b000000, 0x00000007c0000000)
  eden space 648704K, 0% used [0x0000000719b80000,0x0000000719b80000,0x0000000741500000)
  from space 1536K, 0% used [0x0000000748600000,0x0000000748600000,0x0000000748780000)
  to   space 37376K, 0% used [0x0000000748b80000,0x0000000748b80000,0x000000074b000000)
 ParOldGen       total 486400K, used 245680K [0x00000005cd200000, 0x00000005ead00000, 0x0000000719b80000)
  object space 486400K, 50% used [0x00000005cd200000,0x00000005dc1ec348,0x00000005ead00000)
 Metaspace       used 21810K, capacity 22105K, committed 22528K, reserved 1069056K
  class space    used 2221K, capacity 2298K, committed 2304K, reserved 1048576K
}
Event: 62,166 GC heap before
{Heap before GC invocations=48 (full 2):
 PSYoungGen      total 650240K, used 88517K [0x0000000719b80000, 0x000000074b000000, 0x00000007c0000000)
  eden space 648704K, 13% used [0x0000000719b80000,0x000000071f1f1770,0x0000000741500000)
  from space 1536K, 0% used [0x0000000748600000,0x0000000748600000,0x0000000748780000)
  to   space 37376K, 0% used [0x0000000748b80000,0x0000000748b80000,0x000000074b000000)
 ParOldGen       total 486400K, used 245680K [0x00000005cd200000, 0x00000005ead00000, 0x0000000719b80000)
  object space 486400K, 50% used [0x00000005cd200000,0x00000005dc1ec348,0x00000005ead00000)
 Metaspace       used 21818K, capacity 22105K, committed 22528K, reserved 1069056K
  class space    used 2221K, capacity 2298K, committed 2304K, reserved 1048576K
Event: 62,282 GC heap after
Heap after GC invocations=48 (full 2):
 PSYoungGen      total 686080K, used 37344K [0x0000000719b80000, 0x000000074b000000, 0x00000007c0000000)
  eden space 648704K, 0% used [0x0000000719b80000,0x0000000719b80000,0x0000000741500000)
  from space 37376K, 99% used [0x0000000748b80000,0x000000074aff8150,0x000000074b000000)
  to   space 61440K, 0% used [0x0000000743800000,0x0000000743800000,0x0000000747400000)
 ParOldGen       total 486400K, used 295624K [0x00000005cd200000, 0x00000005ead00000, 0x0000000719b80000)
  object space 486400K, 60% used [0x00000005cd200000,0x00000005df2b2348,0x00000005ead00000)
 Metaspace       used 21818K, capacity 22105K, committed 22528K, reserved 1069056K
  class space    used 2221K, capacity 2298K, committed 2304K, reserved 1048576K
}
Event: 62,282 GC heap before
{Heap before GC invocations=49 (full 3):
 PSYoungGen      total 686080K, used 37344K [0x0000000719b80000, 0x000000074b000000, 0x00000007c0000000)
  eden space 648704K, 0% used [0x0000000719b80000,0x0000000719b80000,0x0000000741500000)
  from space 37376K, 99% used [0x0000000748b80000,0x000000074aff8150,0x000000074b000000)
  to   space 61440K, 0% used [0x0000000743800000,0x0000000743800000,0x0000000747400000)
 ParOldGen       total 486400K, used 295624K [0x00000005cd200000, 0x00000005ead00000, 0x0000000719b80000)
  object space 486400K, 60% used [0x00000005cd200000,0x00000005df2b2348,0x00000005ead00000)
 Metaspace       used 21818K, capacity 22105K, committed 22528K, reserved 1069056K
  class space    used 2221K, capacity 2298K, committed 2304K, reserved 1048576K
Event: 62,517 GC heap after
Heap after GC invocations=49 (full 3):
 PSYoungGen      total 686080K, used 0K [0x0000000719b80000, 0x000000074b000000, 0x00000007c0000000)
  eden space 648704K, 0% used [0x0000000719b80000,0x0000000719b80000,0x0000000741500000)
  from space 37376K, 0% used [0x0000000748b80000,0x0000000748b80000,0x000000074b000000)
  to   space 61440K, 0% used [0x0000000743800000,0x0000000743800000,0x0000000747400000)
 ParOldGen       total 486400K, used 329496K [0x00000005cd200000, 0x00000005ead00000, 0x0000000719b80000)
  object space 486400K, 67% used [0x00000005cd200000,0x00000005e13c63f0,0x00000005ead00000)
 Metaspace       used 21818K, capacity 22105K, committed 22528K, reserved 1069056K
  class space    used 2221K, capacity 2298K, committed 2304K, reserved 1048576K
}
Event: 63,474 GC heap before
{Heap before GC invocations=50 (full 3):
 PSYoungGen      total 686080K, used 138996K [0x0000000719b80000, 0x000000074b000000, 0x00000007c0000000)
  eden space 648704K, 21% used [0x0000000719b80000,0x000000072233d298,0x0000000741500000)
  from space 37376K, 0% used [0x0000000748b80000,0x0000000748b80000,0x000000074b000000)
  to   space 61440K, 0% used [0x0000000743800000,0x0000000743800000,0x0000000747400000)
 ParOldGen       total 486400K, used 329496K [0x00000005cd200000, 0x00000005ead00000, 0x0000000719b80000)
  object space 486400K, 67% used [0x00000005cd200000,0x00000005e13c63f0,0x00000005ead00000)
 Metaspace       used 21828K, capacity 22105K, committed 22528K, reserved 1069056K
  class space    used 2221K, capacity 2298K, committed 2304K, reserved 1048576K
Event: 63,481 GC heap after
Heap after GC invocations=50 (full 3):
 PSYoungGen      total 651776K, used 2912K [0x0000000719b80000, 0x0000000748d00000, 0x00000007c0000000)
  eden space 648704K, 0% used [0x0000000719b80000,0x0000000719b80000,0x0000000741500000)
  from space 3072K, 94% used [0x0000000743800000,0x0000000743ad80c0,0x0000000743b00000)
  to   space 61440K, 0% used [0x0000000745100000,0x0000000745100000,0x0000000748d00000)
 ParOldGen       total 486400K, used 329496K [0x00000005cd200000, 0x00000005ead00000, 0x0000000719b80000)
  object space 486400K, 67% used [0x00000005cd200000,0x00000005e13c63f0,0x00000005ead00000)
 Metaspace       used 21828K, capacity 22105K, committed 22528K, reserved 1069056K
  class space    used 2221K, capacity 2298K, committed 2304K, reserved 1048576K
}
Event: 63,481 GC heap before
{Heap before GC invocations=51 (full 4):
 PSYoungGen      total 651776K, used 2912K [0x0000000719b80000, 0x0000000748d00000, 0x00000007c0000000)
  eden space 648704K, 0% used [0x0000000719b80000,0x0000000719b80000,0x0000000741500000)
  from space 3072K, 94% used [0x0000000743800000,0x0000000743ad80c0,0x0000000743b00000)
  to   space 61440K, 0% used [0x0000000745100000,0x0000000745100000,0x0000000748d00000)
 ParOldGen       total 486400K, used 329496K [0x00000005cd200000, 0x00000005ead00000, 0x0000000719b80000)
  object space 486400K, 67% used [0x00000005cd200000,0x00000005e13c63f0,0x00000005ead00000)
 Metaspace       used 21828K, capacity 22105K, committed 22528K, reserved 1069056K
  class space    used 2221K, capacity 2298K, committed 2304K, reserved 1048576K
Event: 63,500 GC heap after
Heap after GC invocations=51 (full 4):
 PSYoungGen      total 651776K, used 0K [0x0000000719b80000, 0x0000000748d00000, 0x00000007c0000000)
  eden space 648704K, 0% used [0x0000000719b80000,0x0000000719b80000,0x0000000741500000)
  from space 3072K, 0% used [0x0000000743800000,0x0000000743800000,0x0000000743b00000)
  to   space 61440K, 0% used [0x0000000745100000,0x0000000745100000,0x0000000748d00000)
 ParOldGen       total 486400K, used 248576K [0x00000005cd200000, 0x00000005ead00000, 0x0000000719b80000)
  object space 486400K, 51% used [0x00000005cd200000,0x00000005dc4c0218,0x00000005ead00000)
 Metaspace       used 21828K, capacity 22105K, committed 22528K, reserved 1069056K
  class space    used 2221K, capacity 2298K, committed 2304K, reserved 1048576K
}

