# JRE version: Java(TM) SE Runtime Environment (8.0_201-b09) (build 1.8.0_201-b09)
# Java VM: Java HotSpot(TM) 64-Bit Server VM (25.201-b09 mixed mode linux-amd64 compressed oops)
Heap:
 PSYoungGen      total 708096K, used 11492K [0x0000000719b80000, 0x0000000748b80000, 0x00000007c0000000)
  eden space 647680K, 1% used [0x0000000719b80000,0x000000071a6b90c0,0x0000000741400000)
  from space 60416K, 0% used [0x0000000744f80000,0x0000000744f80000,0x0000000748a80000)
  to   space 60928K, 0% used [0x0000000741400000,0x0000000741400000,0x0000000744f80000)
 ParOldGen       total 491008K, used 248624K [0x00000005cd200000, 0x00000005eb180000, 0x0000000719b80000)
  object space 491008K, 50% used [0x00000005cd200000,0x00000005dc4cc248,0x00000005eb180000)
 Metaspace       used 21817K, capacity 22105K, committed 22320K, reserved 1069056K
  class space    used 2221K, capacity 2298K, committed 2304K, reserved 1048576K
GC Heap History (10 events):
Event: 52,511 GC heap before
{Heap before GC invocations=48 (full 2):
 PSYoungGen      total 671744K, used 30177K [0x0000000719b80000, 0x0000000745c80000, 0x00000007c0000000)
  eden space 641536K, 0% used [0x0000000719b80000,0x0000000719b80000,0x0000000740e00000)
  from space 30208K, 99% used [0x0000000743200000,0x0000000744f78410,0x0000000744f80000)
  to   space 36864K, 0% used [0x0000000740e00000,0x0000000740e00000,0x0000000743200000)
 ParOldGen       total 491008K, used 317428K [0x00000005cd200000, 0x00000005eb180000, 0x0000000719b80000)
  object space 491008K, 64% used [0x00000005cd200000,0x00000005e07fd378,0x00000005eb180000)
 Metaspace       used 21796K, capacity 22041K, committed 22320K, reserved 1069056K
  class space    used 2220K, capacity 2298K, committed 2304K, reserved 1048576K
Event: 52,552 GC heap after
Heap after GC invocations=48 (full 2):
 PSYoungGen      total 671744K, used 0K [0x0000000719b80000, 0x0000000745c80000, 0x00000007c0000000)
  eden space 641536K, 0% used [0x0000000719b80000,0x0000000719b80000,0x0000000740e00000)
  from space 30208K, 0% used [0x0000000743200000,0x0000000743200000,0x0000000744f80000)
  to   space 36864K, 0% used [0x0000000740e00000,0x0000000740e00000,0x0000000743200000)
 ParOldGen       total 491008K, used 247795K [0x00000005cd200000, 0x00000005eb180000, 0x0000000719b80000)
  object space 491008K, 50% used [0x00000005cd200000,0x00000005dc3fcca8,0x00000005eb180000)
 Metaspace       used 21796K, capacity 22041K, committed 22320K, reserved 1069056K
  class space    used 2220K, capacity 2298K, committed 2304K, reserved 1048576K
}
Event: 53,788 GC heap before
{Heap before GC invocations=49 (full 2):
 PSYoungGen      total 671744K, used 88675K [0x0000000719b80000, 0x0000000745c80000, 0x00000007c0000000)
  eden space 641536K, 13% used [0x0000000719b80000,0x000000071f218c10,0x0000000740e00000)
  from space 30208K, 0% used [0x0000000743200000,0x0000000743200000,0x0000000744f80000)
  to   space 36864K, 0% used [0x0000000740e00000,0x0000000740e00000,0x0000000743200000)
 ParOldGen       total 491008K, used 247795K [0x00000005cd200000, 0x00000005eb180000, 0x0000000719b80000)
  object space 491008K, 50% used [0x00000005cd200000,0x00000005dc3fcca8,0x00000005eb180000)
 Metaspace       used 21804K, capacity 22041K, committed 22320K, reserved 1069056K
  class space    used 2220K, capacity 2298K, committed 2304K, reserved 1048576K
Event: 53,907 GC heap after
Heap after GC invocations=49 (full 2):
 PSYoungGen      total 678400K, used 36832K [0x0000000719b80000, 0x0000000748a80000, 0x00000007c0000000)
  eden space 641536K, 0% used [0x0000000719b80000,0x0000000719b80000,0x0000000740e00000)
  from space 36864K, 99% used [0x0000000740e00000,0x00000007431f8150,0x0000000743200000)
  to   space 60416K, 0% used [0x0000000744f80000,0x0000000744f80000,0x0000000748a80000)
 ParOldGen       total 491008K, used 298259K [0x00000005cd200000, 0x00000005eb180000, 0x0000000719b80000)
  object space 491008K, 60% used [0x00000005cd200000,0x00000005df544ca8,0x00000005eb180000)
 Metaspace       used 21804K, capacity 22041K, committed 22320K, reserved 1069056K
  class space    used 2220K, capacity 2298K, committed 2304K, reserved 1048576K
}
Event: 53,907 GC heap before
{Heap before GC invocations=50 (full 3):
 PSYoungGen      total 678400K, used 36832K [0x0000000719b80000, 0x0000000748a80000, 0x00000007c0000000)
  eden space 641536K, 0% used [0x0000000719b80000,0x0000000719b80000,0x0000000740e00000)
  from space 36864K, 99% used [0x0000000740e00000,0x00000007431f8150,0x0000000743200000)
  to   space 60416K, 0% used [0x0000000744f80000,0x0000000744f80000,0x0000000748a80000)
 ParOldGen       total 491008K, used 298259K [0x00000005cd200000, 0x00000005eb180000, 0x0000000719b80000)
  object space 491008K, 60% used [0x00000005cd200000,0x00000005df544ca8,0x00000005eb180000)
 Metaspace       used 21804K, capacity 22041K, committed 22320K, reserved 1069056K
  class space    used 2220K, capacity 2298K, committed 2304K, reserved 1048576K
Event: 54,108 GC heap after
Heap after GC invocations=50 (full 3):
 PSYoungGen      total 678400K, used 0K [0x0000000719b80000, 0x0000000748a80000, 0x00000007c0000000)
  eden space 641536K, 0% used [0x0000000719b80000,0x0000000719b80000,0x0000000740e00000)
  from space 36864K, 0% used [0x0000000740e00000,0x0000000740e00000,0x0000000743200000)
  to   space 60416K, 0% used [0x0000000744f80000,0x0000000744f80000,0x0000000748a80000)
 ParOldGen       total 491008K, used 329543K [0x00000005cd200000, 0x00000005eb180000, 0x0000000719b80000)
  object space 491008K, 67% used [0x00000005cd200000,0x00000005e13d1f60,0x00000005eb180000)
 Metaspace       used 21804K, capacity 22041K, committed 22320K, reserved 1069056K
  class space    used 2220K, capacity 2298K, committed 2304K, reserved 1048576K
}
Event: 55,097 GC heap before
{Heap before GC invocations=51 (full 3):
 PSYoungGen      total 678400K, used 135479K [0x0000000719b80000, 0x0000000748a80000, 0x00000007c0000000)
  eden space 641536K, 21% used [0x0000000719b80000,0x0000000721fcdc38,0x0000000740e00000)
  from space 36864K, 0% used [0x0000000740e00000,0x0000000740e00000,0x0000000743200000)
  to   space 60416K, 0% used [0x0000000744f80000,0x0000000744f80000,0x0000000748a80000)
 ParOldGen       total 491008K, used 329543K [0x00000005cd200000, 0x00000005eb180000, 0x0000000719b80000)
  object space 491008K, 67% used [0x00000005cd200000,0x00000005e13d1f60,0x00000005eb180000)
 Metaspace       used 21817K, capacity 22105K, committed 22320K, reserved 1069056K
  class space    used 2221K, capacity 2298K, committed 2304K, reserved 1048576K
Event: 55,103 GC heap after
Heap after GC invocations=51 (full 3):
 PSYoungGen      total 708096K, used 2912K [0x0000000719b80000, 0x0000000748b80000, 0x00000007c0000000)
  eden space 647680K, 0% used [0x0000000719b80000,0x0000000719b80000,0x0000000741400000)
  from space 60416K, 4% used [0x0000000744f80000,0x00000007452580c0,0x0000000748a80000)
  to   space 60928K, 0% used [0x0000000741400000,0x0000000741400000,0x0000000744f80000)
 ParOldGen       total 491008K, used 329543K [0x00000005cd200000, 0x00000005eb180000, 0x0000000719b80000)
  object space 491008K, 67% used [0x00000005cd200000,0x00000005e13d1f60,0x00000005eb180000)
 Metaspace       used 21817K, capacity 22105K, committed 22320K, reserved 1069056K
  class space    used 2221K, capacity 2298K, committed 2304K, reserved 1048576K
}
Event: 55,103 GC heap before
{Heap before GC invocations=52 (full 4):
 PSYoungGen      total 708096K, used 2912K [0x0000000719b80000, 0x0000000748b80000, 0x00000007c0000000)
  eden space 647680K, 0% used [0x0000000719b80000,0x0000000719b80000,0x0000000741400000)
  from space 60416K, 4% used [0x0000000744f80000,0x00000007452580c0,0x0000000748a80000)
  to   space 60928K, 0% used [0x0000000741400000,0x0000000741400000,0x0000000744f80000)
 ParOldGen       total 491008K, used 329543K [0x00000005cd200000, 0x00000005eb180000, 0x0000000719b80000)
  object space 491008K, 67% used [0x00000005cd200000,0x00000005e13d1f60,0x00000005eb180000)
 Metaspace       used 21817K, capacity 22105K, committed 22320K, reserved 1069056K
  class space    used 2221K, capacity 2298K, committed 2304K, reserved 1048576K
Event: 55,121 GC heap after
Heap after GC invocations=52 (full 4):
 PSYoungGen      total 708096K, used 0K [0x0000000719b80000, 0x0000000748b80000, 0x00000007c0000000)
  eden space 647680K, 0% used [0x0000000719b80000,0x0000000719b80000,0x0000000741400000)
  from space 60416K, 0% used [0x0000000744f80000,0x0000000744f80000,0x0000000748a80000)
  to   space 60928K, 0% used [0x0000000741400000,0x0000000741400000,0x0000000744f80000)
 ParOldGen       total 491008K, used 248624K [0x00000005cd200000, 0x00000005eb180000, 0x0000000719b80000)
  object space 491008K, 50% used [0x00000005cd200000,0x00000005dc4cc248,0x00000005eb180000)
 Metaspace       used 21817K, capacity 22105K, committed 22320K, reserved 1069056K
  class space    used 2221K, capacity 2298K, committed 2304K, reserved 1048576K
}

