# JRE version: Java(TM) SE Runtime Environment (8.0_201-b09) (build 1.8.0_201-b09)
# Java VM: Java HotSpot(TM) 64-Bit Server VM (25.201-b09 mixed mode linux-amd64 compressed oops)
Heap:
 PSYoungGen      total 538624K, used 4357K [0x0000000719b80000, 0x0000000752b80000, 0x00000007c0000000)
  eden space 535040K, 0% used [0x0000000719b80000,0x0000000719fc16a8,0x000000073a600000)
  from space 3584K, 0% used [0x000000074d800000,0x000000074d800000,0x000000074db80000)
  to   space 61440K, 0% used [0x000000074ef80000,0x000000074ef80000,0x0000000752b80000)
 ParOldGen       total 487936K, used 248978K [0x00000005cd200000, 0x00000005eae80000, 0x0000000719b80000)
  object space 487936K, 51% used [0x00000005cd200000,0x00000005dc524b80,0x00000005eae80000)
 Metaspace       used 21938K, capacity 22233K, committed 22528K, reserved 1069056K
  class space    used 2223K, capacity 2298K, committed 2304K, reserved 1048576K
GC Heap History (10 events):
Event: 57,491 GC heap before
{Heap before GC invocations=45 (full 2):
 PSYoungGen      total 535552K, used 352K [0x0000000719b80000, 0x0000000754f00000, 0x00000007c0000000)
  eden space 535040K, 0% used [0x0000000719b80000,0x0000000719b80000,0x000000073a600000)
  from space 512K, 68% used [0x0000000751d00000,0x0000000751d58000,0x0000000751d80000)
  to   space 36864K, 0% used [0x0000000752b00000,0x0000000752b00000,0x0000000754f00000)
 ParOldGen       total 487936K, used 335865K [0x00000005cd200000, 0x00000005eae80000, 0x0000000719b80000)
  object space 487936K, 68% used [0x00000005cd200000,0x00000005e19fe468,0x00000005eae80000)
 Metaspace       used 21917K, capacity 22169K, committed 22528K, reserved 1069056K
  class space    used 2222K, capacity 2298K, committed 2304K, reserved 1048576K
Event: 57,537 GC heap after
Heap after GC invocations=45 (full 2):
 PSYoungGen      total 535552K, used 0K [0x0000000719b80000, 0x0000000754f00000, 0x00000007c0000000)
  eden space 535040K, 0% used [0x0000000719b80000,0x0000000719b80000,0x000000073a600000)
  from space 512K, 0% used [0x0000000751d00000,0x0000000751d00000,0x0000000751d80000)
  to   space 36864K, 0% used [0x0000000752b00000,0x0000000752b00000,0x0000000754f00000)
 ParOldGen       total 487936K, used 247789K [0x00000005cd200000, 0x00000005eae80000, 0x0000000719b80000)
  object space 487936K, 50% used [0x00000005cd200000,0x00000005dc3fb6a8,0x00000005eae80000)
 Metaspace       used 21917K, capacity 22169K, committed 22528K, reserved 1069056K
  class space    used 2222K, capacity 2298K, committed 2304K, reserved 1048576K
}
Event: 58,824 GC heap before
{Heap before GC invocations=46 (full 2):
 PSYoungGen      total 535552K, used 92442K [0x0000000719b80000, 0x0000000754f00000, 0x00000007c0000000)
  eden space 535040K, 17% used [0x0000000719b80000,0x000000071f5c6b58,0x000000073a600000)
  from space 512K, 0% used [0x0000000751d00000,0x0000000751d00000,0x0000000751d80000)
  to   space 36864K, 0% used [0x0000000752b00000,0x0000000752b00000,0x0000000754f00000)
 ParOldGen       total 487936K, used 247789K [0x00000005cd200000, 0x00000005eae80000, 0x0000000719b80000)
  object space 487936K, 50% used [0x00000005cd200000,0x00000005dc3fb6a8,0x00000005eae80000)
 Metaspace       used 21926K, capacity 22169K, committed 22528K, reserved 1069056K
  class space    used 2222K, capacity 2298K, committed 2304K, reserved 1048576K
Event: 58,942 GC heap after
Heap after GC invocations=46 (full 2):
 PSYoungGen      total 571904K, used 36832K [0x0000000719b80000, 0x0000000754f00000, 0x00000007c0000000)
  eden space 535040K, 0% used [0x0000000719b80000,0x0000000719b80000,0x000000073a600000)
  from space 36864K, 99% used [0x0000000752b00000,0x0000000754ef8160,0x0000000754f00000)
  to   space 60928K, 0% used [0x000000074d800000,0x000000074d800000,0x0000000751380000)
 ParOldGen       total 487936K, used 299293K [0x00000005cd200000, 0x00000005eae80000, 0x0000000719b80000)
  object space 487936K, 61% used [0x00000005cd200000,0x00000005df6476a8,0x00000005eae80000)
 Metaspace       used 21926K, capacity 22169K, committed 22528K, reserved 1069056K
  class space    used 2222K, capacity 2298K, committed 2304K, reserved 1048576K
}
Event: 58,942 GC heap before
{Heap before GC invocations=47 (full 3):
 PSYoungGen      total 571904K, used 36832K [0x0000000719b80000, 0x0000000754f00000, 0x00000007c0000000)
  eden space 535040K, 0% used [0x0000000719b80000,0x0000000719b80000,0x000000073a600000)
  from space 36864K, 99% used [0x0000000752b00000,0x0000000754ef8160,0x0000000754f00000)
  to   space 60928K, 0% used [0x000000074d800000,0x000000074d800000,0x0000000751380000)
 ParOldGen       total 487936K, used 299293K [0x00000005cd200000, 0x00000005eae80000, 0x0000000719b80000)
  object space 487936K, 61% used [0x00000005cd200000,0x00000005df6476a8,0x00000005eae80000)
 Metaspace       used 21926K, capacity 22169K, committed 22528K, reserved 1069056K
  class space    used 2222K, capacity 2298K, committed 2304K, reserved 1048576K
Event: 59,155 GC heap after
Heap after GC invocations=47 (full 3):
 PSYoungGen      total 571904K, used 0K [0x0000000719b80000, 0x0000000754f00000, 0x00000007c0000000)
  eden space 535040K, 0% used [0x0000000719b80000,0x0000000719b80000,0x000000073a600000)
  from space 36864K, 0% used [0x0000000752b00000,0x0000000752b00000,0x0000000754f00000)
  to   space 60928K, 0% used [0x000000074d800000,0x000000074d800000,0x0000000751380000)
 ParOldGen       total 487936K, used 329552K [0x00000005cd200000, 0x00000005eae80000, 0x0000000719b80000)
  object space 487936K, 67% used [0x00000005cd200000,0x00000005e13d4200,0x00000005eae80000)
 Metaspace       used 21926K, capacity 22169K, committed 22528K, reserved 1069056K
  class space    used 2222K, capacity 2298K, committed 2304K, reserved 1048576K
}
Event: 60,215 GC heap before
{Heap before GC invocations=48 (full 3):
 PSYoungGen      total 571904K, used 135587K [0x0000000719b80000, 0x0000000754f00000, 0x00000007c0000000)
  eden space 535040K, 25% used [0x0000000719b80000,0x0000000721fe8c18,0x000000073a600000)
  from space 36864K, 0% used [0x0000000752b00000,0x0000000752b00000,0x0000000754f00000)
  to   space 60928K, 0% used [0x000000074d800000,0x000000074d800000,0x0000000751380000)
 ParOldGen       total 487936K, used 329552K [0x00000005cd200000, 0x00000005eae80000, 0x0000000719b80000)
  object space 487936K, 67% used [0x00000005cd200000,0x00000005e13d4200,0x00000005eae80000)
 Metaspace       used 21938K, capacity 22233K, committed 22528K, reserved 1069056K
  class space    used 2223K, capacity 2298K, committed 2304K, reserved 1048576K
Event: 60,223 GC heap after
Heap after GC invocations=48 (full 3):
 PSYoungGen      total 538624K, used 3264K [0x0000000719b80000, 0x0000000752b80000, 0x00000007c0000000)
  eden space 535040K, 0% used [0x0000000719b80000,0x0000000719b80000,0x000000073a600000)
  from space 3584K, 91% used [0x000000074d800000,0x000000074db300c0,0x000000074db80000)
  to   space 61440K, 0% used [0x000000074ef80000,0x000000074ef80000,0x0000000752b80000)
 ParOldGen       total 487936K, used 329552K [0x00000005cd200000, 0x00000005eae80000, 0x0000000719b80000)
  object space 487936K, 67% used [0x00000005cd200000,0x00000005e13d4200,0x00000005eae80000)
 Metaspace       used 21938K, capacity 22233K, committed 22528K, reserved 1069056K
  class space    used 2223K, capacity 2298K, committed 2304K, reserved 1048576K
}
Event: 60,223 GC heap before
{Heap before GC invocations=49 (full 4):
 PSYoungGen      total 538624K, used 3264K [0x0000000719b80000, 0x0000000752b80000, 0x00000007c0000000)
  eden space 535040K, 0% used [0x0000000719b80000,0x0000000719b80000,0x000000073a600000)
  from space 3584K, 91% used [0x000000074d800000,0x000000074db300c0,0x000000074db80000)
  to   space 61440K, 0% used [0x000000074ef80000,0x000000074ef80000,0x0000000752b80000)
 ParOldGen       total 487936K, used 329552K [0x00000005cd200000, 0x00000005eae80000, 0x0000000719b80000)
  object space 487936K, 67% used [0x00000005cd200000,0x00000005e13d4200,0x00000005eae80000)
 Metaspace       used 21938K, capacity 22233K, committed 22528K, reserved 1069056K
  class space    used 2223K, capacity 2298K, committed 2304K, reserved 1048576K
Event: 60,237 GC heap after
Heap after GC invocations=49 (full 4):
 PSYoungGen      total 538624K, used 0K [0x0000000719b80000, 0x0000000752b80000, 0x00000007c0000000)
  eden space 535040K, 0% used [0x0000000719b80000,0x0000000719b80000,0x000000073a600000)
  from space 3584K, 0% used [0x000000074d800000,0x000000074d800000,0x000000074db80000)
  to   space 61440K, 0% used [0x000000074ef80000,0x000000074ef80000,0x0000000752b80000)
 ParOldGen       total 487936K, used 248978K [0x00000005cd200000, 0x00000005eae80000, 0x0000000719b80000)
  object space 487936K, 51% used [0x00000005cd200000,0x00000005dc524b80,0x00000005eae80000)
 Metaspace       used 21938K, capacity 22233K, committed 22528K, reserved 1069056K
  class space    used 2223K, capacity 2298K, committed 2304K, reserved 1048576K
}

