# JRE version: Java(TM) SE Runtime Environment (8.0_201-b09) (build 1.8.0_201-b09)
# Java VM: Java HotSpot(TM) 64-Bit Server VM (25.201-b09 mixed mode linux-amd64 compressed oops)
Heap:
 PSYoungGen      total 621568K, used 4654K [0x0000000719b80000, 0x0000000745280000, 0x00000007c0000000)
  eden space 555008K, 0% used [0x0000000719b80000,0x000000071a00b9e8,0x000000073b980000)
  from space 66560K, 0% used [0x000000073b980000,0x000000073b980000,0x000000073fa80000)
  to   space 66560K, 0% used [0x0000000741180000,0x0000000741180000,0x0000000745280000)
 ParOldGen       total 479232K, used 248737K [0x00000005cd200000, 0x00000005ea600000, 0x0000000719b80000)
  object space 479232K, 51% used [0x00000005cd200000,0x00000005dc4e85b8,0x00000005ea600000)
 Metaspace       used 21905K, capacity 22169K, committed 22528K, reserved 1069056K
  class space    used 2223K, capacity 2298K, committed 2304K, reserved 1048576K
GC Heap History (10 events):
Event: 54,835 GC heap before
{Heap before GC invocations=47 (full 2):
 PSYoungGen      total 618496K, used 31392K [0x0000000719b80000, 0x0000000742480000, 0x00000007c0000000)
  eden space 578560K, 0% used [0x0000000719b80000,0x0000000719b80000,0x000000073d080000)
  from space 39936K, 78% used [0x000000073d080000,0x000000073ef283d0,0x000000073f780000)
  to   space 43008K, 0% used [0x000000073fa80000,0x000000073fa80000,0x0000000742480000)
 ParOldGen       total 479232K, used 326606K [0x00000005cd200000, 0x00000005ea600000, 0x0000000719b80000)
  object space 479232K, 68% used [0x00000005cd200000,0x00000005e10f39c8,0x00000005ea600000)
 Metaspace       used 21884K, capacity 22169K, committed 22528K, reserved 1069056K
  class space    used 2223K, capacity 2298K, committed 2304K, reserved 1048576K
Event: 54,877 GC heap after
Heap after GC invocations=47 (full 2):
 PSYoungGen      total 618496K, used 0K [0x0000000719b80000, 0x0000000742480000, 0x00000007c0000000)
  eden space 578560K, 0% used [0x0000000719b80000,0x0000000719b80000,0x000000073d080000)
  from space 39936K, 0% used [0x000000073d080000,0x000000073d080000,0x000000073f780000)
  to   space 43008K, 0% used [0x000000073fa80000,0x000000073fa80000,0x0000000742480000)
 ParOldGen       total 479232K, used 247940K [0x00000005cd200000, 0x00000005ea600000, 0x0000000719b80000)
  object space 479232K, 51% used [0x00000005cd200000,0x00000005dc421098,0x00000005ea600000)
 Metaspace       used 21884K, capacity 22169K, committed 22528K, reserved 1069056K
  class space    used 2223K, capacity 2298K, committed 2304K, reserved 1048576K
}
Event: 56,140 GC heap before
{Heap before GC invocations=48 (full 2):
 PSYoungGen      total 618496K, used 90163K [0x0000000719b80000, 0x0000000742480000, 0x00000007c0000000)
  eden space 578560K, 15% used [0x0000000719b80000,0x000000071f38cea8,0x000000073d080000)
  from space 39936K, 0% used [0x000000073d080000,0x000000073d080000,0x000000073f780000)
  to   space 43008K, 0% used [0x000000073fa80000,0x000000073fa80000,0x0000000742480000)
 ParOldGen       total 479232K, used 247940K [0x00000005cd200000, 0x00000005ea600000, 0x0000000719b80000)
  object space 479232K, 51% used [0x00000005cd200000,0x00000005dc421098,0x00000005ea600000)
 Metaspace       used 21895K, capacity 22169K, committed 22528K, reserved 1069056K
  class space    used 2223K, capacity 2298K, committed 2304K, reserved 1048576K
Event: 56,259 GC heap after
Heap after GC invocations=48 (full 2):
 PSYoungGen      total 598016K, used 42976K [0x0000000719b80000, 0x0000000745280000, 0x00000007c0000000)
  eden space 555008K, 0% used [0x0000000719b80000,0x0000000719b80000,0x000000073b980000)
  from space 43008K, 99% used [0x000000073fa80000,0x0000000742478170,0x0000000742480000)
  to   space 66560K, 0% used [0x000000073b980000,0x000000073b980000,0x000000073fa80000)
 ParOldGen       total 479232K, used 294300K [0x00000005cd200000, 0x00000005ea600000, 0x0000000719b80000)
  object space 479232K, 61% used [0x00000005cd200000,0x00000005df167098,0x00000005ea600000)
 Metaspace       used 21895K, capacity 22169K, committed 22528K, reserved 1069056K
  class space    used 2223K, capacity 2298K, committed 2304K, reserved 1048576K
}
Event: 56,259 GC heap before
{Heap before GC invocations=49 (full 3):
 PSYoungGen      total 598016K, used 42976K [0x0000000719b80000, 0x0000000745280000, 0x00000007c0000000)
  eden space 555008K, 0% used [0x0000000719b80000,0x0000000719b80000,0x000000073b980000)
  from space 43008K, 99% used [0x000000073fa80000,0x0000000742478170,0x0000000742480000)
  to   space 66560K, 0% used [0x000000073b980000,0x000000073b980000,0x000000073fa80000)
 ParOldGen       total 479232K, used 294300K [0x00000005cd200000, 0x00000005ea600000, 0x0000000719b80000)
  object space 479232K, 61% used [0x00000005cd200000,0x00000005df167098,0x00000005ea600000)
 Metaspace       used 21895K, capacity 22169K, committed 22528K, reserved 1069056K
  class space    used 2223K, capacity 2298K, committed 2304K, reserved 1048576K
Event: 56,446 GC heap after
Heap after GC invocations=49 (full 3):
 PSYoungGen      total 598016K, used 0K [0x0000000719b80000, 0x0000000745280000, 0x00000007c0000000)
  eden space 555008K, 0% used [0x0000000719b80000,0x0000000719b80000,0x000000073b980000)
  from space 43008K, 0% used [0x000000073fa80000,0x000000073fa80000,0x0000000742480000)
  to   space 66560K, 0% used [0x000000073b980000,0x000000073b980000,0x000000073fa80000)
 ParOldGen       total 479232K, used 329655K [0x00000005cd200000, 0x00000005ea600000, 0x0000000719b80000)
  object space 479232K, 68% used [0x00000005cd200000,0x00000005e13ede58,0x00000005ea600000)
 Metaspace       used 21895K, capacity 22169K, committed 22528K, reserved 1069056K
  class space    used 2223K, capacity 2298K, committed 2304K, reserved 1048576K
}
Event: 57,433 GC heap before
{Heap before GC invocations=50 (full 3):
 PSYoungGen      total 598016K, used 166944K [0x0000000719b80000, 0x0000000745280000, 0x00000007c0000000)
  eden space 555008K, 30% used [0x0000000719b80000,0x0000000723e882e0,0x000000073b980000)
  from space 43008K, 0% used [0x000000073fa80000,0x000000073fa80000,0x0000000742480000)
  to   space 66560K, 0% used [0x000000073b980000,0x000000073b980000,0x000000073fa80000)
 ParOldGen       total 479232K, used 329655K [0x00000005cd200000, 0x00000005ea600000, 0x0000000719b80000)
  object space 479232K, 68% used [0x00000005cd200000,0x00000005e13ede58,0x00000005ea600000)
 Metaspace       used 21905K, capacity 22169K, committed 22528K, reserved 1069056K
  class space    used 2223K, capacity 2298K, committed 2304K, reserved 1048576K
Event: 57,438 GC heap after
Heap after GC invocations=50 (full 3):
 PSYoungGen      total 621568K, used 2752K [0x0000000719b80000, 0x0000000745280000, 0x00000007c0000000)
  eden space 555008K, 0% used [0x0000000719b80000,0x0000000719b80000,0x000000073b980000)
  from space 66560K, 4% used [0x000000073b980000,0x000000073bc300c0,0x000000073fa80000)
  to   space 66560K, 0% used [0x0000000741180000,0x0000000741180000,0x0000000745280000)
 ParOldGen       total 479232K, used 329663K [0x00000005cd200000, 0x00000005ea600000, 0x0000000719b80000)
  object space 479232K, 68% used [0x00000005cd200000,0x00000005e13efe58,0x00000005ea600000)
 Metaspace       used 21905K, capacity 22169K, committed 22528K, reserved 1069056K
  class space    used 2223K, capacity 2298K, committed 2304K, reserved 1048576K
}
Event: 57,438 GC heap before
{Heap before GC invocations=51 (full 4):
 PSYoungGen      total 621568K, used 2752K [0x0000000719b80000, 0x0000000745280000, 0x00000007c0000000)
  eden space 555008K, 0% used [0x0000000719b80000,0x0000000719b80000,0x000000073b980000)
  from space 66560K, 4% used [0x000000073b980000,0x000000073bc300c0,0x000000073fa80000)
  to   space 66560K, 0% used [0x0000000741180000,0x0000000741180000,0x0000000745280000)
 ParOldGen       total 479232K, used 329663K [0x00000005cd200000, 0x00000005ea600000, 0x0000000719b80000)
  object space 479232K, 68% used [0x00000005cd200000,0x00000005e13efe58,0x00000005ea600000)
 Metaspace       used 21905K, capacity 22169K, committed 22528K, reserved 1069056K
  class space    used 2223K, capacity 2298K, committed 2304K, reserved 1048576K
Event: 57,452 GC heap after
Heap after GC invocations=51 (full 4):
 PSYoungGen      total 621568K, used 0K [0x0000000719b80000, 0x0000000745280000, 0x00000007c0000000)
  eden space 555008K, 0% used [0x0000000719b80000,0x0000000719b80000,0x000000073b980000)
  from space 66560K, 0% used [0x000000073b980000,0x000000073b980000,0x000000073fa80000)
  to   space 66560K, 0% used [0x0000000741180000,0x0000000741180000,0x0000000745280000)
 ParOldGen       total 479232K, used 248737K [0x00000005cd200000, 0x00000005ea600000, 0x0000000719b80000)
  object space 479232K, 51% used [0x00000005cd200000,0x00000005dc4e85b8,0x00000005ea600000)
 Metaspace       used 21905K, capacity 22169K, committed 22528K, reserved 1069056K
  class space    used 2223K, capacity 2298K, committed 2304K, reserved 1048576K
}

